<?xml version="1.0" encoding="UTF-8"?>
<!-- Generated by org.testng.reporters.JUnitReportReporter -->
<testsuite hostname="GOWRISANKAR" failures="3" tests="4" name="runner.runn" time="17.050" errors="0" timestamp="2025-04-02T20:18:51 IST" skipped="0">
  <testcase classname="runner.runn" name="runScenario" time="3.655">
    <failure message="Error message is incorrect expected:&lt;[]Username and passwor...&gt; but was:&lt;[Epic sadface: ]Username and passwor...&gt;" type="org.junit.ComparisonFailure">
      <![CDATA[org.junit.ComparisonFailure: Error message is incorrect expected:<[]Username and passwor...> but was:<[Epic sadface: ]Username and passwor...>
at org.junit.Assert.assertEquals(Assert.java:117)
at cucumber_pro2.loginpage.user_will_see_an_error_message(loginpage.java:54)
at ✽.user will see an "Username and password do not match any user in this service"(file:///C:/Users/GOWRISANKAR/git/repository6/cucumber_pro2/src/test/resources/com/feature/loginpage.feature:20)
]]>
    </failure>
  </testcase> <!-- runScenario -->
  <testcase classname="runner.runn" name="runScenario" time="4.077">
    <failure message="Error message is incorrect expected:&lt;[]Username is required&gt; but was:&lt;[Epic sadface: ]Username is required&gt;" type="org.junit.ComparisonFailure">
      <![CDATA[org.junit.ComparisonFailure: Error message is incorrect expected:<[]Username is required> but was:<[Epic sadface: ]Username is required>
at org.junit.Assert.assertEquals(Assert.java:117)
at cucumber_pro2.loginpage.user_will_see_an_error_message(loginpage.java:54)
at ✽.user will see an "Username is required"(file:///C:/Users/GOWRISANKAR/git/repository6/cucumber_pro2/src/test/resources/com/feature/loginpage.feature:20)
]]>
    </failure>
  </testcase> <!-- runScenario -->
  <testcase classname="runner.runn" name="runScenario" time="4.053">
    <failure message="Error message is incorrect expected:&lt;[]Password is required&gt; but was:&lt;[Epic sadface: ]Password is required&gt;" type="org.junit.ComparisonFailure">
      <![CDATA[org.junit.ComparisonFailure: Error message is incorrect expected:<[]Password is required> but was:<[Epic sadface: ]Password is required>
at org.junit.Assert.assertEquals(Assert.java:117)
at cucumber_pro2.loginpage.user_will_see_an_error_message(loginpage.java:54)
at ✽.user will see an "Password is required"(file:///C:/Users/GOWRISANKAR/git/repository6/cucumber_pro2/src/test/resources/com/feature/loginpage.feature:20)
]]>
    </failure>
  </testcase> <!-- runScenario -->
  <testcase classname="runner.runn" name="runScenario" time="5.265"/>
</testsuite> <!-- runner.runn -->
