<?xml version="1.0" encoding="UTF-8"?>
<!-- Generated by org.testng.reporters.JUnitReportReporter -->
<testsuite hostname="GOWRISANKAR" failures="0" tests="4" name="runner.runn" time="21.741" errors="0" timestamp="2025-04-02T20:49:38 IST" skipped="0">
  <testcase classname="runner.runn" name="runScenario" time="10.384"/>
  <testcase classname="runner.runn" name="runScenario" time="4.160"/>
  <testcase classname="runner.runn" name="runScenario" time="3.447"/>
  <testcase classname="runner.runn" name="runScenario" time="3.750"/>
</testsuite> <!-- runner.runn -->
